  dllmain.cpp
C:\Users\antho\OneDrive\Desktop\Agame fn cheat\Fortnite-Bulletp-Internal-Cheat-main\SDK.h(4,1): warning C4005: '_CRT_SECURE_NO_WARNINGS': macro redefinition
C:\Users\antho\OneDrive\Desktop\Agame fn cheat\Fortnite-Bulletp-Internal-Cheat-main\dllmain.cpp : message : see previous definition of '_CRT_SECURE_NO_WARNINGS'
C:\Users\antho\OneDrive\Desktop\Agame fn cheat\Fortnite-Bulletp-Internal-Cheat-main\vector3d.h(147,50): warning C4244: 'argument': conversion from 'double' to 'int', possible loss of data
C:\Users\antho\OneDrive\Desktop\Agame fn cheat\Fortnite-Bulletp-Internal-Cheat-main\vector3d.h(147,78): warning C4244: 'argument': conversion from 'double' to 'int', possible loss of data
C:\Users\antho\OneDrive\Desktop\Agame fn cheat\Fortnite-Bulletp-Internal-Cheat-main\vector3d.h(147,106): warning C4244: 'argument': conversion from 'double' to 'int', possible loss of data
C:\Users\antho\OneDrive\Desktop\Agame fn cheat\Fortnite-Bulletp-Internal-Cheat-main\vector3d.h(147,83): warning C4244: 'argument': conversion from 'double' to 'float', possible loss of data
C:\Users\antho\OneDrive\Desktop\Agame fn cheat\Fortnite-Bulletp-Internal-Cheat-main\SDK.h(293,72): warning C4244: 'argument': conversion from 'double' to 'float', possible loss of data
C:\Users\antho\OneDrive\Desktop\Agame fn cheat\Fortnite-Bulletp-Internal-Cheat-main\SDK.h(293,34): warning C4244: 'return': conversion from 'int' to 'float', possible loss of data
C:\Users\antho\OneDrive\Desktop\Agame fn cheat\Fortnite-Bulletp-Internal-Cheat-main\SDK.h(404,1): warning C4267: '=': conversion from 'size_t' to 'int32_t', possible loss of data
C:\Users\antho\OneDrive\Desktop\Agame fn cheat\Fortnite-Bulletp-Internal-Cheat-main\SDK.h(603,77): warning C4244: 'argument': conversion from 'float' to 'int', possible loss of data
C:\Users\antho\OneDrive\Desktop\Agame fn cheat\Fortnite-Bulletp-Internal-Cheat-main\SDK.h(603,127): warning C4244: 'argument': conversion from 'float' to 'int', possible loss of data
C:\Users\antho\OneDrive\Desktop\Agame fn cheat\Fortnite-Bulletp-Internal-Cheat-main\SDK.h(603,80): warning C4244: 'argument': conversion from 'double' to 'float', possible loss of data
C:\Users\antho\OneDrive\Desktop\Agame fn cheat\Fortnite-Bulletp-Internal-Cheat-main\SDK.h(608,73): warning C4244: 'argument': conversion from 'double' to 'int', possible loss of data
C:\Users\antho\OneDrive\Desktop\Agame fn cheat\Fortnite-Bulletp-Internal-Cheat-main\SDK.h(608,115): warning C4244: 'argument': conversion from 'double' to 'int', possible loss of data
C:\Users\antho\OneDrive\Desktop\Agame fn cheat\Fortnite-Bulletp-Internal-Cheat-main\SDK.h(608,157): warning C4244: 'argument': conversion from 'double' to 'int', possible loss of data
C:\Users\antho\OneDrive\Desktop\Agame fn cheat\Fortnite-Bulletp-Internal-Cheat-main\SDK.h(608,120): warning C4244: 'argument': conversion from 'double' to 'float', possible loss of data
C:\Users\antho\OneDrive\Desktop\Agame fn cheat\Fortnite-Bulletp-Internal-Cheat-main\SDK.h(671,16): warning C4244: 'initializing': conversion from 'double' to 'float', possible loss of data
C:\Users\antho\OneDrive\Desktop\Agame fn cheat\Fortnite-Bulletp-Internal-Cheat-main\SDK.h(727,19): warning C4244: 'initializing': conversion from 'double' to 'float', possible loss of data
C:\Users\antho\OneDrive\Desktop\Agame fn cheat\Fortnite-Bulletp-Internal-Cheat-main\lazyimporter.h(475,1): warning C4267: 'argument': conversion from 'size_t' to 'DWORD', possible loss of data
C:\Users\antho\OneDrive\Desktop\Agame fn cheat\Fortnite-Bulletp-Internal-Cheat-main\SDK.h(939): message : see reference to function template instantiation 'decltype(auto) li::detail::lazy_function<69435095,BOOL (__cdecl *)(HANDLE,HMODULE,LPMODULEINFO,DWORD)>::operator ()<HANDLE,HMODULE,MODULEINFO*,size_t>(HANDLE &&,HMODULE &&,MODULEINFO *&&,size_t &&) const' being compiled
C:\Users\antho\OneDrive\Desktop\Agame fn cheat\Fortnite-Bulletp-Internal-Cheat-main\Loot.h(5,93): warning C4244: 'argument': conversion from 'float' to 'int', possible loss of data
C:\Users\antho\OneDrive\Desktop\Agame fn cheat\Fortnite-Bulletp-Internal-Cheat-main\Loot.h(5,68): warning C4244: 'argument': conversion from 'float' to 'int', possible loss of data
C:\Users\antho\OneDrive\Desktop\Agame fn cheat\Fortnite-Bulletp-Internal-Cheat-main\dllmain.cpp(260,14): warning C4244: 'initializing': conversion from 'int' to 'float', possible loss of data
C:\Users\antho\OneDrive\Desktop\Agame fn cheat\Fortnite-Bulletp-Internal-Cheat-main\dllmain.cpp(261,14): warning C4244: 'initializing': conversion from 'int' to 'float', possible loss of data
C:\Users\antho\OneDrive\Desktop\Agame fn cheat\Fortnite-Bulletp-Internal-Cheat-main\dllmain.cpp(263,63): warning C4244: 'argument': conversion from 'int' to 'float', possible loss of data
C:\Users\antho\OneDrive\Desktop\Agame fn cheat\Fortnite-Bulletp-Internal-Cheat-main\dllmain.cpp(263,41): warning C4244: 'argument': conversion from 'int' to 'float', possible loss of data
C:\Users\antho\OneDrive\Desktop\Agame fn cheat\Fortnite-Bulletp-Internal-Cheat-main\dllmain.cpp(263,30): warning C4244: 'argument': conversion from 'int' to 'float', possible loss of data
C:\Users\antho\OneDrive\Desktop\Agame fn cheat\Fortnite-Bulletp-Internal-Cheat-main\dllmain.cpp(263,27): warning C4244: 'argument': conversion from 'int' to 'float', possible loss of data
C:\Users\antho\OneDrive\Desktop\Agame fn cheat\Fortnite-Bulletp-Internal-Cheat-main\dllmain.cpp(265,63): warning C4244: 'argument': conversion from 'int' to 'float', possible loss of data
C:\Users\antho\OneDrive\Desktop\Agame fn cheat\Fortnite-Bulletp-Internal-Cheat-main\dllmain.cpp(265,52): warning C4244: 'argument': conversion from 'int' to 'float', possible loss of data
C:\Users\antho\OneDrive\Desktop\Agame fn cheat\Fortnite-Bulletp-Internal-Cheat-main\dllmain.cpp(265,30): warning C4244: 'argument': conversion from 'int' to 'float', possible loss of data
C:\Users\antho\OneDrive\Desktop\Agame fn cheat\Fortnite-Bulletp-Internal-Cheat-main\dllmain.cpp(265,27): warning C4244: 'argument': conversion from 'int' to 'float', possible loss of data
C:\Users\antho\OneDrive\Desktop\Agame fn cheat\Fortnite-Bulletp-Internal-Cheat-main\dllmain.cpp(267,71): warning C4244: 'argument': conversion from 'int' to 'float', possible loss of data
C:\Users\antho\OneDrive\Desktop\Agame fn cheat\Fortnite-Bulletp-Internal-Cheat-main\dllmain.cpp(267,60): warning C4244: 'argument': conversion from 'int' to 'float', possible loss of data
C:\Users\antho\OneDrive\Desktop\Agame fn cheat\Fortnite-Bulletp-Internal-Cheat-main\dllmain.cpp(267,55): warning C4244: 'argument': conversion from 'int' to 'float', possible loss of data
C:\Users\antho\OneDrive\Desktop\Agame fn cheat\Fortnite-Bulletp-Internal-Cheat-main\dllmain.cpp(267,42): warning C4244: 'argument': conversion from 'int' to 'float', possible loss of data
C:\Users\antho\OneDrive\Desktop\Agame fn cheat\Fortnite-Bulletp-Internal-Cheat-main\dllmain.cpp(269,71): warning C4244: 'argument': conversion from 'int' to 'float', possible loss of data
C:\Users\antho\OneDrive\Desktop\Agame fn cheat\Fortnite-Bulletp-Internal-Cheat-main\dllmain.cpp(269,47): warning C4244: 'argument': conversion from 'int' to 'float', possible loss of data
C:\Users\antho\OneDrive\Desktop\Agame fn cheat\Fortnite-Bulletp-Internal-Cheat-main\dllmain.cpp(269,34): warning C4244: 'argument': conversion from 'int' to 'float', possible loss of data
C:\Users\antho\OneDrive\Desktop\Agame fn cheat\Fortnite-Bulletp-Internal-Cheat-main\dllmain.cpp(269,29): warning C4244: 'argument': conversion from 'int' to 'float', possible loss of data
C:\Users\antho\OneDrive\Desktop\Agame fn cheat\Fortnite-Bulletp-Internal-Cheat-main\dllmain.cpp(271,71): warning C4244: 'argument': conversion from 'int' to 'float', possible loss of data
C:\Users\antho\OneDrive\Desktop\Agame fn cheat\Fortnite-Bulletp-Internal-Cheat-main\dllmain.cpp(271,58): warning C4244: 'argument': conversion from 'int' to 'float', possible loss of data
C:\Users\antho\OneDrive\Desktop\Agame fn cheat\Fortnite-Bulletp-Internal-Cheat-main\dllmain.cpp(271,53): warning C4244: 'argument': conversion from 'int' to 'float', possible loss of data
C:\Users\antho\OneDrive\Desktop\Agame fn cheat\Fortnite-Bulletp-Internal-Cheat-main\dllmain.cpp(271,27): warning C4244: 'argument': conversion from 'int' to 'float', possible loss of data
C:\Users\antho\OneDrive\Desktop\Agame fn cheat\Fortnite-Bulletp-Internal-Cheat-main\dllmain.cpp(273,71): warning C4244: 'argument': conversion from 'int' to 'float', possible loss of data
C:\Users\antho\OneDrive\Desktop\Agame fn cheat\Fortnite-Bulletp-Internal-Cheat-main\dllmain.cpp(273,58): warning C4244: 'argument': conversion from 'int' to 'float', possible loss of data
C:\Users\antho\OneDrive\Desktop\Agame fn cheat\Fortnite-Bulletp-Internal-Cheat-main\dllmain.cpp(273,32): warning C4244: 'argument': conversion from 'int' to 'float', possible loss of data
C:\Users\antho\OneDrive\Desktop\Agame fn cheat\Fortnite-Bulletp-Internal-Cheat-main\dllmain.cpp(273,27): warning C4244: 'argument': conversion from 'int' to 'float', possible loss of data
C:\Users\antho\OneDrive\Desktop\Agame fn cheat\Fortnite-Bulletp-Internal-Cheat-main\dllmain.cpp(275,79): warning C4244: 'argument': conversion from 'int' to 'float', possible loss of data
C:\Users\antho\OneDrive\Desktop\Agame fn cheat\Fortnite-Bulletp-Internal-Cheat-main\dllmain.cpp(275,66): warning C4244: 'argument': conversion from 'int' to 'float', possible loss of data
C:\Users\antho\OneDrive\Desktop\Agame fn cheat\Fortnite-Bulletp-Internal-Cheat-main\dllmain.cpp(275,59): warning C4244: 'argument': conversion from 'int' to 'float', possible loss of data
C:\Users\antho\OneDrive\Desktop\Agame fn cheat\Fortnite-Bulletp-Internal-Cheat-main\dllmain.cpp(275,44): warning C4244: 'argument': conversion from 'int' to 'float', possible loss of data
C:\Users\antho\OneDrive\Desktop\Agame fn cheat\Fortnite-Bulletp-Internal-Cheat-main\dllmain.cpp(277,79): warning C4244: 'argument': conversion from 'int' to 'float', possible loss of data
C:\Users\antho\OneDrive\Desktop\Agame fn cheat\Fortnite-Bulletp-Internal-Cheat-main\dllmain.cpp(277,66): warning C4244: 'argument': conversion from 'int' to 'float', possible loss of data
C:\Users\antho\OneDrive\Desktop\Agame fn cheat\Fortnite-Bulletp-Internal-Cheat-main\dllmain.cpp(277,59): warning C4244: 'argument': conversion from 'int' to 'float', possible loss of data
C:\Users\antho\OneDrive\Desktop\Agame fn cheat\Fortnite-Bulletp-Internal-Cheat-main\dllmain.cpp(277,29): warning C4244: 'argument': conversion from 'int' to 'float', possible loss of data
C:\Users\antho\OneDrive\Desktop\Agame fn cheat\Fortnite-Bulletp-Internal-Cheat-main\dllmain.cpp(421,100): warning C4244: 'argument': conversion from 'int' to 'float', possible loss of data
C:\Users\antho\OneDrive\Desktop\Agame fn cheat\Fortnite-Bulletp-Internal-Cheat-main\dllmain.cpp(575,118): warning C4244: 'argument': conversion from 'float' to 'int', possible loss of data
C:\Users\antho\OneDrive\Desktop\Agame fn cheat\Fortnite-Bulletp-Internal-Cheat-main\dllmain.cpp(575,93): warning C4244: 'argument': conversion from 'float' to 'int', possible loss of data
C:\Users\antho\OneDrive\Desktop\Agame fn cheat\Fortnite-Bulletp-Internal-Cheat-main\dllmain.cpp(712,92): warning C4244: 'argument': conversion from 'float' to 'int', possible loss of data
C:\Users\antho\OneDrive\Desktop\Agame fn cheat\Fortnite-Bulletp-Internal-Cheat-main\dllmain.cpp(712,67): warning C4244: 'argument': conversion from 'float' to 'int', possible loss of data
C:\Users\antho\OneDrive\Desktop\Agame fn cheat\Fortnite-Bulletp-Internal-Cheat-main\dllmain.cpp(728,29): warning C4838: conversion from 'float' to 'int' requires a narrowing conversion
C:\Users\antho\OneDrive\Desktop\Agame fn cheat\Fortnite-Bulletp-Internal-Cheat-main\dllmain.cpp(728,29): warning C4244: 'initializing': conversion from 'float' to 'int', possible loss of data
C:\Users\antho\OneDrive\Desktop\Agame fn cheat\Fortnite-Bulletp-Internal-Cheat-main\dllmain.cpp(728,37): warning C4838: conversion from 'float' to 'int' requires a narrowing conversion
C:\Users\antho\OneDrive\Desktop\Agame fn cheat\Fortnite-Bulletp-Internal-Cheat-main\dllmain.cpp(728,37): warning C4244: 'initializing': conversion from 'float' to 'int', possible loss of data
C:\Users\antho\OneDrive\Desktop\Agame fn cheat\Fortnite-Bulletp-Internal-Cheat-main\dllmain.cpp(728,47): warning C4838: conversion from 'float' to 'int' requires a narrowing conversion
C:\Users\antho\OneDrive\Desktop\Agame fn cheat\Fortnite-Bulletp-Internal-Cheat-main\dllmain.cpp(728,47): warning C4244: 'initializing': conversion from 'float' to 'int', possible loss of data
C:\Users\antho\OneDrive\Desktop\Agame fn cheat\Fortnite-Bulletp-Internal-Cheat-main\dllmain.cpp(728,56): warning C4838: conversion from 'float' to 'int' requires a narrowing conversion
C:\Users\antho\OneDrive\Desktop\Agame fn cheat\Fortnite-Bulletp-Internal-Cheat-main\dllmain.cpp(728,56): warning C4244: 'initializing': conversion from 'float' to 'int', possible loss of data
C:\Users\antho\OneDrive\Desktop\Agame fn cheat\Fortnite-Bulletp-Internal-Cheat-main\dllmain.cpp(728,72): warning C4838: conversion from 'float' to 'int' requires a narrowing conversion
C:\Users\antho\OneDrive\Desktop\Agame fn cheat\Fortnite-Bulletp-Internal-Cheat-main\dllmain.cpp(728,72): warning C4244: 'initializing': conversion from 'float' to 'int', possible loss of data
C:\Users\antho\OneDrive\Desktop\Agame fn cheat\Fortnite-Bulletp-Internal-Cheat-main\dllmain.cpp(728,89): warning C4838: conversion from 'float' to 'int' requires a narrowing conversion
C:\Users\antho\OneDrive\Desktop\Agame fn cheat\Fortnite-Bulletp-Internal-Cheat-main\dllmain.cpp(728,89): warning C4244: 'initializing': conversion from 'float' to 'int', possible loss of data
C:\Users\antho\OneDrive\Desktop\Agame fn cheat\Fortnite-Bulletp-Internal-Cheat-main\dllmain.cpp(728,102): warning C4838: conversion from 'float' to 'int' requires a narrowing conversion
C:\Users\antho\OneDrive\Desktop\Agame fn cheat\Fortnite-Bulletp-Internal-Cheat-main\dllmain.cpp(728,102): warning C4244: 'initializing': conversion from 'float' to 'int', possible loss of data
C:\Users\antho\OneDrive\Desktop\Agame fn cheat\Fortnite-Bulletp-Internal-Cheat-main\dllmain.cpp(728,116): warning C4838: conversion from 'float' to 'int' requires a narrowing conversion
C:\Users\antho\OneDrive\Desktop\Agame fn cheat\Fortnite-Bulletp-Internal-Cheat-main\dllmain.cpp(728,116): warning C4244: 'initializing': conversion from 'float' to 'int', possible loss of data
C:\Users\antho\OneDrive\Desktop\Agame fn cheat\Fortnite-Bulletp-Internal-Cheat-main\dllmain.cpp(728,128): warning C4838: conversion from 'float' to 'int' requires a narrowing conversion
C:\Users\antho\OneDrive\Desktop\Agame fn cheat\Fortnite-Bulletp-Internal-Cheat-main\dllmain.cpp(728,128): warning C4244: 'initializing': conversion from 'float' to 'int', possible loss of data
C:\Users\antho\OneDrive\Desktop\Agame fn cheat\Fortnite-Bulletp-Internal-Cheat-main\dllmain.cpp(728,141): warning C4838: conversion from 'float' to 'int' requires a narrowing conversion
C:\Users\antho\OneDrive\Desktop\Agame fn cheat\Fortnite-Bulletp-Internal-Cheat-main\dllmain.cpp(728,141): warning C4244: 'initializing': conversion from 'float' to 'int', possible loss of data
C:\Users\antho\OneDrive\Desktop\Agame fn cheat\Fortnite-Bulletp-Internal-Cheat-main\dllmain.cpp(728,152): warning C4838: conversion from 'float' to 'int' requires a narrowing conversion
C:\Users\antho\OneDrive\Desktop\Agame fn cheat\Fortnite-Bulletp-Internal-Cheat-main\dllmain.cpp(728,152): warning C4244: 'initializing': conversion from 'float' to 'int', possible loss of data
C:\Users\antho\OneDrive\Desktop\Agame fn cheat\Fortnite-Bulletp-Internal-Cheat-main\dllmain.cpp(728,164): warning C4838: conversion from 'float' to 'int' requires a narrowing conversion
C:\Users\antho\OneDrive\Desktop\Agame fn cheat\Fortnite-Bulletp-Internal-Cheat-main\dllmain.cpp(728,164): warning C4244: 'initializing': conversion from 'float' to 'int', possible loss of data
C:\Users\antho\OneDrive\Desktop\Agame fn cheat\Fortnite-Bulletp-Internal-Cheat-main\dllmain.cpp(728,177): warning C4838: conversion from 'float' to 'int' requires a narrowing conversion
C:\Users\antho\OneDrive\Desktop\Agame fn cheat\Fortnite-Bulletp-Internal-Cheat-main\dllmain.cpp(728,177): warning C4244: 'initializing': conversion from 'float' to 'int', possible loss of data
C:\Users\antho\OneDrive\Desktop\Agame fn cheat\Fortnite-Bulletp-Internal-Cheat-main\dllmain.cpp(728,191): warning C4838: conversion from 'float' to 'int' requires a narrowing conversion
C:\Users\antho\OneDrive\Desktop\Agame fn cheat\Fortnite-Bulletp-Internal-Cheat-main\dllmain.cpp(728,191): warning C4244: 'initializing': conversion from 'float' to 'int', possible loss of data
C:\Users\antho\OneDrive\Desktop\Agame fn cheat\Fortnite-Bulletp-Internal-Cheat-main\dllmain.cpp(728,203): warning C4838: conversion from 'float' to 'int' requires a narrowing conversion
C:\Users\antho\OneDrive\Desktop\Agame fn cheat\Fortnite-Bulletp-Internal-Cheat-main\dllmain.cpp(728,203): warning C4244: 'initializing': conversion from 'float' to 'int', possible loss of data
C:\Users\antho\OneDrive\Desktop\Agame fn cheat\Fortnite-Bulletp-Internal-Cheat-main\dllmain.cpp(728,216): warning C4838: conversion from 'float' to 'int' requires a narrowing conversion
C:\Users\antho\OneDrive\Desktop\Agame fn cheat\Fortnite-Bulletp-Internal-Cheat-main\dllmain.cpp(728,216): warning C4244: 'initializing': conversion from 'float' to 'int', possible loss of data
C:\Users\antho\OneDrive\Desktop\Agame fn cheat\Fortnite-Bulletp-Internal-Cheat-main\dllmain.cpp(728,228): warning C4838: conversion from 'float' to 'int' requires a narrowing conversion
C:\Users\antho\OneDrive\Desktop\Agame fn cheat\Fortnite-Bulletp-Internal-Cheat-main\dllmain.cpp(728,228): warning C4244: 'initializing': conversion from 'float' to 'int', possible loss of data
C:\Users\antho\OneDrive\Desktop\Agame fn cheat\Fortnite-Bulletp-Internal-Cheat-main\dllmain.cpp(728,241): warning C4838: conversion from 'float' to 'int' requires a narrowing conversion
C:\Users\antho\OneDrive\Desktop\Agame fn cheat\Fortnite-Bulletp-Internal-Cheat-main\dllmain.cpp(728,241): warning C4244: 'initializing': conversion from 'float' to 'int', possible loss of data
C:\Users\antho\OneDrive\Desktop\Agame fn cheat\Fortnite-Bulletp-Internal-Cheat-main\dllmain.cpp(728,259): warning C4838: conversion from 'float' to 'int' requires a narrowing conversion
C:\Users\antho\OneDrive\Desktop\Agame fn cheat\Fortnite-Bulletp-Internal-Cheat-main\dllmain.cpp(728,259): warning C4244: 'initializing': conversion from 'float' to 'int', possible loss of data
C:\Users\antho\OneDrive\Desktop\Agame fn cheat\Fortnite-Bulletp-Internal-Cheat-main\dllmain.cpp(728,278): warning C4838: conversion from 'float' to 'int' requires a narrowing conversion
C:\Users\antho\OneDrive\Desktop\Agame fn cheat\Fortnite-Bulletp-Internal-Cheat-main\dllmain.cpp(728,278): warning C4244: 'initializing': conversion from 'float' to 'int', possible loss of data
C:\Users\antho\OneDrive\Desktop\Agame fn cheat\Fortnite-Bulletp-Internal-Cheat-main\dllmain.cpp(866,34): warning C4244: 'argument': conversion from 'int' to 'float', possible loss of data
C:\Users\antho\OneDrive\Desktop\Agame fn cheat\Fortnite-Bulletp-Internal-Cheat-main\dllmain.cpp(882,94): warning C4244: 'argument': conversion from 'double' to 'int', possible loss of data
C:\Users\antho\OneDrive\Desktop\Agame fn cheat\Fortnite-Bulletp-Internal-Cheat-main\dllmain.cpp(882,76): warning C4244: 'argument': conversion from 'float' to 'int', possible loss of data
C:\Users\antho\OneDrive\Desktop\Agame fn cheat\Fortnite-Bulletp-Internal-Cheat-main\dllmain.cpp(882,60): warning C4244: 'argument': conversion from 'float' to 'int', possible loss of data
C:\Users\antho\OneDrive\Desktop\Agame fn cheat\Fortnite-Bulletp-Internal-Cheat-main\dllmain.cpp(882,33): warning C4244: 'argument': conversion from 'float' to 'int', possible loss of data
C:\Users\antho\OneDrive\Desktop\Agame fn cheat\Fortnite-Bulletp-Internal-Cheat-main\dllmain.cpp(925,22): warning C4018: '<': signed/unsigned mismatch
C:\Users\antho\OneDrive\Desktop\Agame fn cheat\Fortnite-Bulletp-Internal-Cheat-main\dllmain.cpp(1342,20): warning C4244: '=': conversion from 'LONG' to 'float', possible loss of data
C:\Users\antho\OneDrive\Desktop\Agame fn cheat\Fortnite-Bulletp-Internal-Cheat-main\dllmain.cpp(1343,20): warning C4244: '=': conversion from 'LONG' to 'float', possible loss of data
C:\Users\antho\OneDrive\Desktop\Agame fn cheat\Fortnite-Bulletp-Internal-Cheat-main\dllmain.cpp(1436,79): warning C4244: 'argument': conversion from 'double' to 'float', possible loss of data
C:\Users\antho\OneDrive\Desktop\Agame fn cheat\Fortnite-Bulletp-Internal-Cheat-main\dllmain.cpp(1464,80): warning C4244: 'argument': conversion from 'double' to 'float', possible loss of data
C:\Users\antho\OneDrive\Desktop\Agame fn cheat\Fortnite-Bulletp-Internal-Cheat-main\dllmain.cpp(1515,51): warning C4244: '=': conversion from 'int' to 'float', possible loss of data
C:\Users\antho\OneDrive\Desktop\Agame fn cheat\Fortnite-Bulletp-Internal-Cheat-main\dllmain.cpp(1516,52): warning C4244: '=': conversion from 'int' to 'float', possible loss of data
  Generating code
  Previous IPDB not found, fall back to full compilation.
C:\Users\antho\OneDrive\Desktop\Agame fn cheat\Fortnite-Bulletp-Internal-Cheat-main\SDK.h(392): warning C4172: returning address of local variable or temporary: sBuff
C:\Users\antho\OneDrive\Desktop\Agame fn cheat\Fortnite-Bulletp-Internal-Cheat-main\SDK.h(260): warning C4715: 'read<unsigned long>': not all control paths return a value
C:\Users\antho\OneDrive\Desktop\Agame fn cheat\Fortnite-Bulletp-Internal-Cheat-main\SDK.h(260): warning C4715: 'read<int>': not all control paths return a value
C:\Users\antho\OneDrive\Desktop\Agame fn cheat\Fortnite-Bulletp-Internal-Cheat-main\SDK.h(260): warning C4715: 'read<unsigned __int64>': not all control paths return a value
C:\Users\antho\OneDrive\Desktop\Agame fn cheat\Fortnite-Bulletp-Internal-Cheat-main\SDK.h(260): warning C4715: 'read<Vector3>': not all control paths return a value
C:\Users\antho\OneDrive\Desktop\Agame fn cheat\Fortnite-Bulletp-Internal-Cheat-main\SDK.h(660): warning C4715: 'SDK::Utils::CheckItemInScreen': not all control paths return a value
C:\Users\antho\OneDrive\Desktop\Agame fn cheat\Fortnite-Bulletp-Internal-Cheat-main\SDK.h(637): warning C4715: 'SDK::Utils::CheckInScreen': not all control paths return a value
C:\Users\antho\OneDrive\Desktop\Agame fn cheat\Fortnite-Bulletp-Internal-Cheat-main\Loot.h(79): warning C4715: 'LootESP': not all control paths return a value
C:\Users\antho\OneDrive\Desktop\Agame fn cheat\Fortnite-Bulletp-Internal-Cheat-main\dllmain.cpp(951): warning C4715: 'EntitiyLoop': not all control paths return a value
  All 2781 functions were compiled because no usable IPDB/IOBJ from previous compilation was found.
  Finished generating code
detours.lib(detours.obj) : warning LNK4099: PDB 'detours.pdb' was not found with 'detours.lib(detours.obj)' or at 'C:\Users\antho\OneDrive\Desktop\Agame fn cheat\Fortnite-Bulletp-Internal-Cheat-main\x64\Release\detours.pdb'; linking object as if no debug info
detours.lib(modules.obj) : warning LNK4099: PDB 'detours.pdb' was not found with 'detours.lib(modules.obj)' or at 'C:\Users\antho\OneDrive\Desktop\Agame fn cheat\Fortnite-Bulletp-Internal-Cheat-main\x64\Release\detours.pdb'; linking object as if no debug info
detours.lib(disasm.obj) : warning LNK4099: PDB 'detours.pdb' was not found with 'detours.lib(disasm.obj)' or at 'C:\Users\antho\OneDrive\Desktop\Agame fn cheat\Fortnite-Bulletp-Internal-Cheat-main\x64\Release\detours.pdb'; linking object as if no debug info
  [._.].vcxproj -> C:\Users\antho\OneDrive\Desktop\Agame fn cheat\Fortnite-Bulletp-Internal-Cheat-main\x64\Release\nig.dll
